The MPI test test_mpi for Fortran in mode F08_MODULE failed to compile with the following output:
Change Dir: /home/kl748/Tutorials_Classes/pytorch_practice/torchcpp_practice/OfflineGMRES/demo/dist/CMakeFiles/CMakeTmp

Run Build Command(s):/usr/bin/make cmTC_98849/fast && /usr/bin/make  -f CMakeFiles/cmTC_98849.dir/build.make CMakeFiles/cmTC_98849.dir/build
make[1]: Entering directory '/home/kl748/Tutorials_Classes/pytorch_practice/torchcpp_practice/OfflineGMRES/demo/dist/CMakeFiles/CMakeTmp'
Building Fortran object CMakeFiles/cmTC_98849.dir/test_mpi.f90.o
/usr/bin/f95  -I/opt/intel/compilers_and_libraries_2020.0.166/linux/mpi/intel64/include/gfortran/9.1.0 -I/opt/intel/compilers_and_libraries_2020.0.166/linux/mpi/intel64/include   -c /home/kl748/Tutorials_Classes/pytorch_practice/torchcpp_practice/OfflineGMRES/demo/dist/CMakeFiles/FindMPI/test_mpi.f90 -o CMakeFiles/cmTC_98849.dir/test_mpi.f90.o
f951: Fatal Error: Reading module ‘mpi_f08’ at line 1 column 2: Unexpected EOF
compilation terminated.
make[1]: *** [CMakeFiles/cmTC_98849.dir/build.make:86: CMakeFiles/cmTC_98849.dir/test_mpi.f90.o] Error 1
make[1]: Leaving directory '/home/kl748/Tutorials_Classes/pytorch_practice/torchcpp_practice/OfflineGMRES/demo/dist/CMakeFiles/CMakeTmp'
make: *** [Makefile:141: cmTC_98849/fast] Error 2



The MPI test test_mpi for Fortran in mode F08_MODULE failed to compile with the following output:
Change Dir: /home/kl748/Tutorials_Classes/pytorch_practice/torchcpp_practice/OfflineGMRES/demo/dist/CMakeFiles/CMakeTmp

Run Build Command(s):/usr/bin/make cmTC_a9592/fast && /usr/bin/make  -f CMakeFiles/cmTC_a9592.dir/build.make CMakeFiles/cmTC_a9592.dir/build
make[1]: Entering directory '/home/kl748/Tutorials_Classes/pytorch_practice/torchcpp_practice/OfflineGMRES/demo/dist/CMakeFiles/CMakeTmp'
Building Fortran object CMakeFiles/cmTC_a9592.dir/test_mpi.f90.o
/usr/bin/f95  -I/opt/intel/compilers_and_libraries_2020.0.166/linux/mpi/intel64/include/gfortran/9.1.0 -I/opt/intel/compilers_and_libraries_2020.0.166/linux/mpi/intel64/include   -c /home/kl748/Tutorials_Classes/pytorch_practice/torchcpp_practice/OfflineGMRES/demo/dist/CMakeFiles/FindMPI/test_mpi.f90 -o CMakeFiles/cmTC_a9592.dir/test_mpi.f90.o
f951: Fatal Error: Reading module ‘mpi_f08’ at line 1 column 2: Unexpected EOF
compilation terminated.
make[1]: *** [CMakeFiles/cmTC_a9592.dir/build.make:86: CMakeFiles/cmTC_a9592.dir/test_mpi.f90.o] Error 1
make[1]: Leaving directory '/home/kl748/Tutorials_Classes/pytorch_practice/torchcpp_practice/OfflineGMRES/demo/dist/CMakeFiles/CMakeTmp'
make: *** [Makefile:141: cmTC_a9592/fast] Error 2



The MPI test test_mpi for Fortran in mode F08_MODULE failed to compile with the following output:
Change Dir: /home/kl748/Tutorials_Classes/pytorch_practice/torchcpp_practice/OfflineGMRES/demo/dist/CMakeFiles/CMakeTmp

Run Build Command(s):/usr/bin/make cmTC_1f5e3/fast && /usr/bin/make  -f CMakeFiles/cmTC_1f5e3.dir/build.make CMakeFiles/cmTC_1f5e3.dir/build
make[1]: Entering directory '/home/kl748/Tutorials_Classes/pytorch_practice/torchcpp_practice/OfflineGMRES/demo/dist/CMakeFiles/CMakeTmp'
Building Fortran object CMakeFiles/cmTC_1f5e3.dir/test_mpi.f90.o
/usr/bin/f95  -I/opt/intel/compilers_and_libraries_2020.0.166/linux/mpi/intel64/include/gfortran/9.1.0 -I/opt/intel/compilers_and_libraries_2020.0.166/linux/mpi/intel64/include   -c /home/kl748/Tutorials_Classes/pytorch_practice/torchcpp_practice/OfflineGMRES/demo/dist/CMakeFiles/FindMPI/test_mpi.f90 -o CMakeFiles/cmTC_1f5e3.dir/test_mpi.f90.o
f951: Fatal Error: Reading module ‘mpi_f08’ at line 1 column 2: Unexpected EOF
compilation terminated.
make[1]: *** [CMakeFiles/cmTC_1f5e3.dir/build.make:86: CMakeFiles/cmTC_1f5e3.dir/test_mpi.f90.o] Error 1
make[1]: Leaving directory '/home/kl748/Tutorials_Classes/pytorch_practice/torchcpp_practice/OfflineGMRES/demo/dist/CMakeFiles/CMakeTmp'
make: *** [Makefile:141: cmTC_1f5e3/fast] Error 2



The MPI test test_mpi for Fortran in mode F08_MODULE failed to compile with the following output:
Change Dir: /home/kl748/Tutorials_Classes/pytorch_practice/torchcpp_practice/OfflineGMRES/demo/dist/CMakeFiles/CMakeTmp

Run Build Command(s):/usr/bin/make cmTC_7de87/fast && /usr/bin/make  -f CMakeFiles/cmTC_7de87.dir/build.make CMakeFiles/cmTC_7de87.dir/build
make[1]: Entering directory '/home/kl748/Tutorials_Classes/pytorch_practice/torchcpp_practice/OfflineGMRES/demo/dist/CMakeFiles/CMakeTmp'
Building Fortran object CMakeFiles/cmTC_7de87.dir/test_mpi.f90.o
/usr/bin/f95  -I/opt/intel/compilers_and_libraries_2020.0.166/linux/mpi/intel64/include/gfortran/9.1.0 -I/opt/intel/compilers_and_libraries_2020.0.166/linux/mpi/intel64/include   -c /home/kl748/Tutorials_Classes/pytorch_practice/torchcpp_practice/OfflineGMRES/demo/dist/CMakeFiles/FindMPI/test_mpi.f90 -o CMakeFiles/cmTC_7de87.dir/test_mpi.f90.o
f951: Fatal Error: Reading module ‘mpi_f08’ at line 1 column 2: Unexpected EOF
compilation terminated.
make[1]: *** [CMakeFiles/cmTC_7de87.dir/build.make:86: CMakeFiles/cmTC_7de87.dir/test_mpi.f90.o] Error 1
make[1]: Leaving directory '/home/kl748/Tutorials_Classes/pytorch_practice/torchcpp_practice/OfflineGMRES/demo/dist/CMakeFiles/CMakeTmp'
make: *** [Makefile:141: cmTC_7de87/fast] Error 2



The MPI test test_mpi for Fortran in mode F08_MODULE failed to compile with the following output:
Change Dir: /home/kl748/Tutorials_Classes/pytorch_practice/torchcpp_practice/OfflineGMRES/demo/dist/CMakeFiles/CMakeTmp

Run Build Command(s):/usr/bin/make cmTC_7f82a/fast && /usr/bin/make  -f CMakeFiles/cmTC_7f82a.dir/build.make CMakeFiles/cmTC_7f82a.dir/build
make[1]: Entering directory '/home/kl748/Tutorials_Classes/pytorch_practice/torchcpp_practice/OfflineGMRES/demo/dist/CMakeFiles/CMakeTmp'
Building Fortran object CMakeFiles/cmTC_7f82a.dir/test_mpi.f90.o
/usr/bin/f95  -I/opt/intel/compilers_and_libraries_2020.0.166/linux/mpi/intel64/include/gfortran/9.1.0 -I/opt/intel/compilers_and_libraries_2020.0.166/linux/mpi/intel64/include   -c /home/kl748/Tutorials_Classes/pytorch_practice/torchcpp_practice/OfflineGMRES/demo/dist/CMakeFiles/FindMPI/test_mpi.f90 -o CMakeFiles/cmTC_7f82a.dir/test_mpi.f90.o
f951: Fatal Error: Reading module ‘mpi_f08’ at line 1 column 2: Unexpected EOF
compilation terminated.
make[1]: *** [CMakeFiles/cmTC_7f82a.dir/build.make:86: CMakeFiles/cmTC_7f82a.dir/test_mpi.f90.o] Error 1
make[1]: Leaving directory '/home/kl748/Tutorials_Classes/pytorch_practice/torchcpp_practice/OfflineGMRES/demo/dist/CMakeFiles/CMakeTmp'
make: *** [Makefile:141: cmTC_7f82a/fast] Error 2



The MPI test test_mpi for Fortran in mode F08_MODULE failed to compile with the following output:
Change Dir: /home/kl748/Tutorials_Classes/pytorch_practice/torchcpp_practice/OfflineGMRES/demo/dist/CMakeFiles/CMakeTmp

Run Build Command(s):/usr/bin/make cmTC_003f2/fast && /usr/bin/make  -f CMakeFiles/cmTC_003f2.dir/build.make CMakeFiles/cmTC_003f2.dir/build
make[1]: Entering directory '/home/kl748/Tutorials_Classes/pytorch_practice/torchcpp_practice/OfflineGMRES/demo/dist/CMakeFiles/CMakeTmp'
Building Fortran object CMakeFiles/cmTC_003f2.dir/test_mpi.f90.o
/usr/bin/f95  -I/opt/intel/compilers_and_libraries_2020.0.166/linux/mpi/intel64/include/gfortran/9.1.0 -I/opt/intel/compilers_and_libraries_2020.0.166/linux/mpi/intel64/include   -c /home/kl748/Tutorials_Classes/pytorch_practice/torchcpp_practice/OfflineGMRES/demo/dist/CMakeFiles/FindMPI/test_mpi.f90 -o CMakeFiles/cmTC_003f2.dir/test_mpi.f90.o
f951: Fatal Error: Reading module ‘mpi_f08’ at line 1 column 2: Unexpected EOF
compilation terminated.
make[1]: *** [CMakeFiles/cmTC_003f2.dir/build.make:86: CMakeFiles/cmTC_003f2.dir/test_mpi.f90.o] Error 1
make[1]: Leaving directory '/home/kl748/Tutorials_Classes/pytorch_practice/torchcpp_practice/OfflineGMRES/demo/dist/CMakeFiles/CMakeTmp'
make: *** [Makefile:141: cmTC_003f2/fast] Error 2



